0 info it worked if it ends with ok
1 verbose cli [ 'd:\\work\\nodejs\\node.exe',
1 verbose cli   'd:\\work\\nodejs\\node_modules\\npm\\bin\\npm-cli.js',
1 verbose cli   'install',
1 verbose cli   'winston-wrapper',
1 verbose cli   '--save' ]
2 info using npm@1.4.9
3 info using node@v0.10.28
4 warn package.json cradle@0.6.9 No repository field.
5 verbose readDependencies using package.json deps
6 verbose cache add [ 'winston-wrapper', null ]
7 verbose cache add name=undefined spec="winston-wrapper" args=["winston-wrapper",null]
8 verbose parsed url { protocol: null,
8 verbose parsed url   slashes: null,
8 verbose parsed url   auth: null,
8 verbose parsed url   host: null,
8 verbose parsed url   port: null,
8 verbose parsed url   hostname: null,
8 verbose parsed url   hash: null,
8 verbose parsed url   search: null,
8 verbose parsed url   query: null,
8 verbose parsed url   pathname: 'winston-wrapper',
8 verbose parsed url   path: 'winston-wrapper',
8 verbose parsed url   href: 'winston-wrapper' }
9 silly lockFile a96d47bb-winston-wrapper winston-wrapper
10 verbose lock winston-wrapper C:\Users\Lich\AppData\Roaming\npm-cache\a96d47bb-winston-wrapper.lock
11 silly lockFile a96d47bb-winston-wrapper winston-wrapper
12 silly lockFile a96d47bb-winston-wrapper winston-wrapper
13 verbose addNamed [ 'winston-wrapper', '' ]
14 verbose addNamed [ null, '*' ]
15 silly lockFile 613e5381-winston-wrapper winston-wrapper@
16 verbose lock winston-wrapper@ C:\Users\Lich\AppData\Roaming\npm-cache\613e5381-winston-wrapper.lock
17 silly addNameRange { name: 'winston-wrapper', range: '*', hasData: false }
18 verbose url raw winston-wrapper
19 verbose url resolving [ 'https://registry.npmjs.org/', './winston-wrapper' ]
20 verbose url resolved https://registry.npmjs.org/winston-wrapper
21 info trying registry request attempt 1 at 23:09:20
22 http GET https://registry.npmjs.org/winston-wrapper
23 http 404 https://registry.npmjs.org/winston-wrapper
24 silly registry.get cb [ 404,
24 silly registry.get   { server: 'CouchDB/1.5.0 (Erlang OTP/R16B03)',
24 silly registry.get     etag: '"EM81PFUQ3VT14T1LX4TYBNCUN"',
24 silly registry.get     'content-type': 'application/json',
24 silly registry.get     'cache-control': 'max-age=0',
24 silly registry.get     'content-length': '578',
24 silly registry.get     'accept-ranges': 'bytes',
24 silly registry.get     date: 'Wed, 27 May 2015 20:09:26 GMT',
24 silly registry.get     via: '1.1 varnish',
24 silly registry.get     age: '0',
24 silly registry.get     connection: 'keep-alive',
24 silly registry.get     'x-served-by': 'cache-lcy1120-LCY',
24 silly registry.get     'x-cache': 'MISS',
24 silly registry.get     'x-cache-hits': '0',
24 silly registry.get     'x-timer': 'S1432757366.356657,VS0,VE96',
24 silly registry.get     vary: 'Accept' } ]
25 silly lockFile 613e5381-winston-wrapper winston-wrapper@
26 silly lockFile 613e5381-winston-wrapper winston-wrapper@
27 error 404 Not Found
27 error 404
27 error 404 'winston-wrapper' is not in the npm registry.
27 error 404 You should bug the author to publish it
27 error 404 It was specified as a dependency of 'homebook'
27 error 404
27 error 404 Note that you can also install from a
27 error 404 tarball, folder, or http url, or git url.
28 error System Windows_NT 6.1.7601
29 error command "d:\\work\\nodejs\\node.exe" "d:\\work\\nodejs\\node_modules\\npm\\bin\\npm-cli.js" "install" "winston-wrapper" "--save"
30 error cwd D:\work\node\homebook
31 error node -v v0.10.28
32 error npm -v 1.4.9
33 error code E404
34 verbose exit [ 1, true ]
